[debug] [2025-06-23T07:17:18.337Z] ----------------------------------------------------------------------
[debug] [2025-06-23T07:17:18.342Z] Command:       C:\Program Files\nodejs\node.exe C:\Users\23PA5\AppData\Roaming\npm\node_modules\firebase-tools\lib\bin\firebase.js init
[debug] [2025-06-23T07:17:18.343Z] CLI Version:   14.8.0
[debug] [2025-06-23T07:17:18.343Z] Platform:      win32
[debug] [2025-06-23T07:17:18.343Z] Node Version:  v22.14.0
[debug] [2025-06-23T07:17:18.343Z] Time:          Mon Jun 23 2025 12:47:18 GMT+0530 (India Standard Time)
[debug] [2025-06-23T07:17:18.344Z] ----------------------------------------------------------------------
[debug] 
[debug] [2025-06-23T07:17:18.349Z] >>> [apiv2][query] GET https://firebase-public.firebaseio.com/cli.json [none]
[debug] [2025-06-23T07:17:18.425Z] > command requires scopes: ["email","openid","https://www.googleapis.com/auth/cloudplatformprojects.readonly","https://www.googleapis.com/auth/firebase","https://www.googleapis.com/auth/cloud-platform"]
[debug] [2025-06-23T07:17:18.426Z] > authorizing via signed-in user (gajulasuryateja8@gmail.com)
[info] 
     ######## #### ########  ######## ########     ###     ######  ########
     ##        ##  ##     ## ##       ##     ##  ##   ##  ##       ##
     ######    ##  ########  ######   ########  #########  ######  ######
     ##        ##  ##    ##  ##       ##     ## ##     ##       ## ##
     ##       #### ##     ## ######## ########  ##     ##  ######  ########

You're about to initialize a Firebase project in this directory:

  C:\Users\23PA5\Downloads\ecobazar-ecommerce

[debug] [2025-06-23T07:17:19.274Z] <<< [apiv2][status] GET https://firebase-public.firebaseio.com/cli.json 200
[debug] [2025-06-23T07:17:19.275Z] <<< [apiv2][body] GET https://firebase-public.firebaseio.com/cli.json {"cloudBuildErrorAfter":1594252800000,"cloudBuildWarnAfter":1590019200000,"defaultNode10After":1594252800000,"minVersion":"3.0.5","node8DeploysDisabledAfter":1613390400000,"node8RuntimeDisabledAfter":1615809600000,"node8WarnAfter":1600128000000}
[info] 
=== Project Setup
[info] 
[info] First, let's associate this project directory with a Firebase project.
[info] You can create multiple project aliases by running firebase use --add, 
[info] but for now we'll just set up a default project.
[info] 
[debug] [2025-06-23T07:18:27.394Z] Checked if tokens are valid: false, expires at: 1748680365526
[debug] [2025-06-23T07:18:27.395Z] Checked if tokens are valid: false, expires at: 1748680365526
[debug] [2025-06-23T07:18:27.395Z] > refreshing access token with scopes: []
[debug] [2025-06-23T07:18:27.397Z] >>> [apiv2][query] POST https://www.googleapis.com/oauth2/v3/token [none]
[debug] [2025-06-23T07:18:27.397Z] >>> [apiv2][body] POST https://www.googleapis.com/oauth2/v3/token [omitted]
[debug] [2025-06-23T07:18:27.699Z] <<< [apiv2][status] POST https://www.googleapis.com/oauth2/v3/token 200
[debug] [2025-06-23T07:18:27.700Z] <<< [apiv2][body] POST https://www.googleapis.com/oauth2/v3/token [omitted]
[debug] [2025-06-23T07:18:27.718Z] >>> [apiv2][query] GET https://firebase.googleapis.com/v1beta1/projects pageSize=100
[debug] [2025-06-23T07:18:28.311Z] <<< [apiv2][status] GET https://firebase.googleapis.com/v1beta1/projects 200
[debug] [2025-06-23T07:18:28.311Z] <<< [apiv2][body] GET https://firebase.googleapis.com/v1beta1/projects [omitted]
[info] i  Using project e-commerce-website-3cbf3 (E-COMMERCE WEBSITE) 
[info] 
=== Hosting Setup
[debug] [2025-06-23T07:18:30.786Z] Checked if tokens are valid: true, expires at: 1750666706700
[debug] [2025-06-23T07:18:30.786Z] Checked if tokens are valid: true, expires at: 1750666706700
[debug] [2025-06-23T07:18:30.786Z] >>> [apiv2][query] GET https://firebase.googleapis.com/v1beta1/projects/e-commerce-website-3cbf3 [none]
[debug] [2025-06-23T07:18:31.171Z] <<< [apiv2][status] GET https://firebase.googleapis.com/v1beta1/projects/e-commerce-website-3cbf3 200
[debug] [2025-06-23T07:18:31.172Z] <<< [apiv2][body] GET https://firebase.googleapis.com/v1beta1/projects/e-commerce-website-3cbf3 {"projectId":"e-commerce-website-3cbf3","projectNumber":"902048966011","displayName":"E-COMMERCE WEBSITE","name":"projects/e-commerce-website-3cbf3","resources":{"hostingSite":"e-commerce-website-3cbf3"},"state":"ACTIVE","etag":"1_763b290c-b6cf-4b90-b387-b36715db9b98"}
[info] 
[info] Your public directory is the folder (relative to your project directory) that
[info] will contain Hosting assets to be uploaded with firebase deploy. If you
[info] have a build process for your assets, use your build's output directory.
[info] 
[debug] [2025-06-23T07:18:36.831Z] >>> [apiv2][query] GET https://www.gstatic.com/firebasejs/releases.json [none]
[debug] [2025-06-23T07:18:37.061Z] <<< [apiv2][status] GET https://www.gstatic.com/firebasejs/releases.json 200
[debug] [2025-06-23T07:18:37.061Z] <<< [apiv2][body] GET https://www.gstatic.com/firebasejs/releases.json {"current":{"version":"11.9.1","browserURL":"https://www.gstatic.com/firebasejs/11.9.1/firebase.js","packageURL":"https://www.gstatic.com/firebasejs/11.9.1/firebase.tgz"},"live":{"version":"11.9","browserURL":"https://www.gstatic.com/firebasejs/live/11.9/firebase.js","packageURL":"https://www.gstatic.com/firebasejs/live/11.9/firebase.tgz"},"components":{"ai":"https://www.gstatic.com/firebasejs/11.9.1/firebase-ai.js","analytics":"https://www.gstatic.com/firebasejs/11.9.1/firebase-analytics.js","app":"https://www.gstatic.com/firebasejs/11.9.1/firebase-app.js","app-check":"https://www.gstatic.com/firebasejs/11.9.1/firebase-app-check.js","auth":"https://www.gstatic.com/firebasejs/11.9.1/firebase-auth.js","auth/cordova":"https://www.gstatic.com/firebasejs/11.9.1/firebase-auth/cordova.js","auth/web-extension":"https://www.gstatic.com/firebasejs/11.9.1/firebase-auth/web-extension.js","functions":"https://www.gstatic.com/firebasejs/11.9.1/firebase-functions.js","firestore":"https://www.gstatic.com/firebasejs/11.9.1/firebase-firestore.js","firestore/lite":"https://www.gstatic.com/firebasejs/11.9.1/firebase-firestore/lite.js","installations":"https://www.gstatic.com/firebasejs/11.9.1/firebase-installations.js","storage":"https://www.gstatic.com/firebasejs/11.9.1/firebase-storage.js","performance":"https://www.gstatic.com/firebasejs/11.9.1/firebase-performance.js","remote-config":"https://www.gstatic.com/firebasejs/11.9.1/firebase-remote-config.js","messaging":"https://www.gstatic.com/firebasejs/11.9.1/firebase-messaging.js","messaging/sw":"https://www.gstatic.com/firebasejs/11.9.1/firebase-messaging/sw.js","database":"https://www.gstatic.com/firebasejs/11.9.1/firebase-database.js","vertexai":"https://www.gstatic.com/firebasejs/11.9.1/firebase-vertexai.js","data-connect":"https://www.gstatic.com/firebasejs/11.9.1/firebase-data-connect.js","firestore.memory":"https://www.gstatic.com/firebasejs/11.9.1/firebase-firestore.memory.js"}}
[info] +  Wrote public/index.html 
[info] 
[info] i  Didn't detect a .git folder. Assuming C:\Users\23PA5\Downloads\ecobazar-ecommerce is the project root. 
[info] i  Authorizing with GitHub to upload your service account to a GitHub repository's secrets store. 
[info] 
[info] Visit this URL on this device to log in:
[info] https://github.com/login/oauth/authorize?client_id=89cf50f02ac6aaed3484&state=698395914&redirect_uri=http%3A%2F%2Flocalhost%3A9005&scope=read%3Auser%20repo%20public_repo
[info] 
[info] Waiting for authentication...
[debug] [2025-06-23T07:18:37.923Z] >>> [apiv2][query] POST https://github.com/login/oauth/access_token [none]
[debug] [2025-06-23T07:18:37.923Z] >>> [apiv2][body] POST https://github.com/login/oauth/access_token [stream]
[debug] [2025-06-23T07:18:38.470Z] <<< [apiv2][status] POST https://github.com/login/oauth/access_token 200
[debug] [2025-06-23T07:18:38.470Z] <<< [apiv2][body] POST https://github.com/login/oauth/access_token {"access_token":"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","token_type":"bearer","scope":"read:user,repo"}
[debug] [2025-06-23T07:18:38.484Z] >>> [apiv2][query] GET https://api.github.com/user [none]
[debug] [2025-06-23T07:18:39.120Z] <<< [apiv2][status] GET https://api.github.com/user 200
[debug] [2025-06-23T07:18:39.121Z] <<< [apiv2][body] GET https://api.github.com/user {"login":"suryanaidu048","id":126256451,"node_id":"U_kgDOB4aFQw","avatar_url":"https://avatars.githubusercontent.com/u/126256451?v=4","gravatar_id":"","url":"https://api.github.com/users/suryanaidu048","html_url":"https://github.com/suryanaidu048","followers_url":"https://api.github.com/users/suryanaidu048/followers","following_url":"https://api.github.com/users/suryanaidu048/following{/other_user}","gists_url":"https://api.github.com/users/suryanaidu048/gists{/gist_id}","starred_url":"https://api.github.com/users/suryanaidu048/starred{/owner}{/repo}","subscriptions_url":"https://api.github.com/users/suryanaidu048/subscriptions","organizations_url":"https://api.github.com/users/suryanaidu048/orgs","repos_url":"https://api.github.com/users/suryanaidu048/repos","events_url":"https://api.github.com/users/suryanaidu048/events{/privacy}","received_events_url":"https://api.github.com/users/suryanaidu048/received_events","type":"User","user_view_type":"private","site_admin":false,"name":null,"company":null,"blog":"","location":null,"email":null,"hireable":null,"bio":null,"twitter_username":null,"notification_email":null,"public_repos":8,"public_gists":0,"followers":1,"following":4,"created_at":"2023-02-24T12:49:33Z","updated_at":"2025-06-23T04:36:49Z","private_gists":3,"total_private_repos":5,"owned_private_repos":5,"disk_usage":8092,"collaborators":0,"two_factor_authentication":true,"plan":{"name":"pro","space":976562499,"collaborators":0,"private_repos":9999}}
[info] 
[info] +  Success! Logged into GitHub as suryanaidu048 
[info] 
[debug] [2025-06-23T07:19:32.458Z] >>> [apiv2][query] GET https://api.github.com/repos//actions/secrets/public-key type=owner
[debug] [2025-06-23T07:19:33.030Z] <<< [apiv2][status] GET https://api.github.com/repos//actions/secrets/public-key 404
[debug] [2025-06-23T07:19:33.030Z] <<< [apiv2][body] GET https://api.github.com/repos//actions/secrets/public-key {"message":"Not Found","documentation_url":"https://docs.github.com/rest","status":"404"}
[info] 
[info] 
[error] !  The provided authorization cannot be used with this repository. If this repository is in an organization, did you remember to grant access? 
[info] 
[info] i  Action required: Visit this URL to ensure access has been granted to the appropriate organization(s) for the Firebase CLI GitHub OAuth App: 
[info] https://github.com/settings/connections/applications/89cf50f02ac6aaed3484
[info] 
[debug] [2025-06-23T07:19:33.728Z] >>> [apiv2][query] GET https://api.github.com/repos//actions/secrets/public-key type=owner
[debug] [2025-06-23T07:19:34.260Z] <<< [apiv2][status] GET https://api.github.com/repos//actions/secrets/public-key 404
[debug] [2025-06-23T07:19:34.260Z] <<< [apiv2][body] GET https://api.github.com/repos//actions/secrets/public-key {"message":"Not Found","documentation_url":"https://docs.github.com/rest","status":"404"}
[info] 
[info] 
[error] !  The provided authorization cannot be used with this repository. If this repository is in an organization, did you remember to grant access? 
[info] 
[info] i  Action required: Visit this URL to ensure access has been granted to the appropriate organization(s) for the Firebase CLI GitHub OAuth App: 
[info] https://github.com/settings/connections/applications/89cf50f02ac6aaed3484
[info] 
[debug] [2025-06-23T07:19:35.719Z] ExitPromptError: User force closed the prompt with SIGINT
    at Interface.sigint (C:\Users\23PA5\AppData\Roaming\npm\node_modules\firebase-tools\node_modules\@inquirer\core\dist\commonjs\lib\create-prompt.js:101:37)
    at Interface.emit (node:events:518:28)
    at Interface.emit (node:domain:489:12)
    at [_ttyWrite] [as _ttyWrite] (node:internal/readline/interface:1124:18)
    at ReadStream.onkeypress (node:internal/readline/interface:263:20)
    at ReadStream.emit (node:events:530:35)
    at ReadStream.emit (node:domain:489:12)
    at emitKeys (node:internal/readline/utils:370:14)
    at emitKeys.next (<anonymous>)
    at ReadStream.onData (node:internal/readline/emitKeypressEvents:64:36)
[error] 
[error] Error: An unexpected error has occurred.
